<?xml version="1.0" encoding="UTF-8"?>
<!-- Generated by org.testng.reporters.JUnitXMLReporter -->
<testsuite ignored="0" hostname="DESKTOP-NK01B5C" failures="0" tests="6" name="Test" time="291.8" errors="0" timestamp="2022-12-27T23:46:29 IST">
  <testcase classname="com.qa.testLayer.PhoneTest" name="buyNexusPhone" time="2.057"/>
  <testcase classname="com.qa.testLayer.PhoneTest" name="buyPhone" time="2.321"/>
  <testcase classname="com.qa.testLayer.LaptopTest" name="buyDellLaptop" time="3.867"/>
  <testcase classname="com.qa.testLayer.LaptopTest" name="buyLaptop" time="3.139"/>
  <testcase classname="com.qa.testLayer.MoniterTest" name="buyAsusMoniter" time="4.154"/>
  <testcase classname="com.qa.testLayer.MoniterTest" name="buyMoniter" time="4.211"/>
</testsuite> <!-- Test -->
