<?xml version="1.0" encoding="UTF-8"?>
<!-- Generated by org.testng.reporters.JUnitXMLReporter -->
<testsuite ignored="1" hostname="DESKTOP-NK01B5C" failures="5" tests="5" name="Test2" time="0.065" errors="0" timestamp="2022-12-27T23:39:15 IST">
  <testcase classname="com.qa.testLayer.LaptopTest" name="buyDellLaptop" time="0.004">
    <failure type="java.lang.NullPointerException" message="Cannot invoke &amp;quot;com.qa.pageLayer.LaptopPage.clickOnlaptopTab()&amp;quot; because &amp;quot;com.qa.testLayer.LaptopTest.laptop&amp;quot; is null">
      <![CDATA[java.lang.NullPointerException: Cannot invoke "com.qa.pageLayer.LaptopPage.clickOnlaptopTab()" because "com.qa.testLayer.LaptopTest.laptop" is null
at com.qa.testLayer.LaptopTest.buyDellLaptop(LaptopTest.java:24)
at java.base/java.util.ArrayList.forEach(ArrayList.java:1511)
... Removed 25 stack frames]]>
    </failure>
  </testcase> <!-- buyDellLaptop -->
  <testcase classname="com.qa.testLayer.LaptopTest" name="buyLaptop" time="0.005">
    <failure type="java.lang.NullPointerException" message="Cannot invoke &amp;quot;com.qa.pageLayer.LaptopPage.clickOnlaptopTab()&amp;quot; because &amp;quot;com.qa.testLayer.LaptopTest.laptop&amp;quot; is null">
      <![CDATA[java.lang.NullPointerException: Cannot invoke "com.qa.pageLayer.LaptopPage.clickOnlaptopTab()" because "com.qa.testLayer.LaptopTest.laptop" is null
at com.qa.testLayer.LaptopTest.buyLaptop(LaptopTest.java:12)
at java.base/java.util.ArrayList.forEach(ArrayList.java:1511)
... Removed 25 stack frames]]>
    </failure>
  </testcase> <!-- buyLaptop -->
  <testcase classname="com.qa.testLayer.PhoneTest" name="buyNexusPhone" time="0.003">
    <failure type="java.lang.NullPointerException" message="Cannot invoke &amp;quot;com.qa.pageLayer.PhonePage.clickOnPhoneTab()&amp;quot; because &amp;quot;com.qa.testLayer.PhoneTest.phonepage&amp;quot; is null">
      <![CDATA[java.lang.NullPointerException: Cannot invoke "com.qa.pageLayer.PhonePage.clickOnPhoneTab()" because "com.qa.testLayer.PhoneTest.phonepage" is null
at com.qa.testLayer.PhoneTest.buyNexusPhone(PhoneTest.java:21)
at java.base/java.util.ArrayList.forEach(ArrayList.java:1511)
... Removed 25 stack frames]]>
    </failure>
  </testcase> <!-- buyNexusPhone -->
  <testcase classname="com.qa.testLayer.PhoneTest" name="buyPhone" time="0.004">
    <failure type="java.lang.NullPointerException" message="Cannot invoke &amp;quot;com.qa.pageLayer.PhonePage.clickOnPhoneTab()&amp;quot; because &amp;quot;com.qa.testLayer.PhoneTest.phonepage&amp;quot; is null">
      <![CDATA[java.lang.NullPointerException: Cannot invoke "com.qa.pageLayer.PhonePage.clickOnPhoneTab()" because "com.qa.testLayer.PhoneTest.phonepage" is null
at com.qa.testLayer.PhoneTest.buyPhone(PhoneTest.java:10)
at java.base/java.util.ArrayList.forEach(ArrayList.java:1511)
... Removed 25 stack frames]]>
    </failure>
  </testcase> <!-- buyPhone -->
  <testcase classname="com.qa.testLayer.MoniterTest" name="buyAsusMoniter" time="0.004">
    <failure type="java.lang.NullPointerException" message="Cannot invoke &amp;quot;com.qa.pageLayer.MoniterPage.clickOnMoniterTab()&amp;quot; because &amp;quot;com.qa.testLayer.MoniterTest.moniter&amp;quot; is null">
      <![CDATA[java.lang.NullPointerException: Cannot invoke "com.qa.pageLayer.MoniterPage.clickOnMoniterTab()" because "com.qa.testLayer.MoniterTest.moniter" is null
at com.qa.testLayer.MoniterTest.buyAsusMoniter(MoniterTest.java:23)
at java.base/java.util.ArrayList.forEach(ArrayList.java:1511)
... Removed 25 stack frames]]>
    </failure>
  </testcase> <!-- buyAsusMoniter -->
  <testcase classname="com.qa.testLayer.MoniterTest" name="buyMoniter" time="0.0">
    <ignored/>
  </testcase> <!-- buyMoniter -->
</testsuite> <!-- Test2 -->
