<?xml version="1.0" encoding="UTF-8"?>
<!-- Generated by org.testng.reporters.JUnitXMLReporter -->
<testsuite ignored="0" hostname="DESKTOP-NK01B5C" failures="0" tests="6" name="Test" time="299.032" errors="0" timestamp="2022-11-23T00:47:20 IST">
  <testcase classname="com.qa.testLayer.PhoneTest" name="buyNexusPhone" time="3.781"/>
  <testcase classname="com.qa.testLayer.PhoneTest" name="buyPhone" time="2.257"/>
  <testcase classname="com.qa.testLayer.LaptopTest" name="buyDellLaptop" time="3.117"/>
  <testcase classname="com.qa.testLayer.LaptopTest" name="buyLaptop" time="2.378"/>
  <testcase classname="com.qa.testLayer.MoniterTest" name="buyAsusMoniter" time="3.173"/>
  <testcase classname="com.qa.testLayer.MoniterTest" name="buyMoniter" time="3.36"/>
</testsuite> <!-- Test -->
